<?xml version="1.0" encoding="UTF-8"?>
<coverage generated="1710989348987" clover="3.2.0">
  <project timestamp="1710989348987" name="All files">
    <metrics statements="219" coveredstatements="218" conditionals="36" coveredconditionals="33" methods="72" coveredmethods="72" elements="327" coveredelements="323" complexity="0" loc="219" ncloc="219" packages="10" files="20" classes="20"/>
    <package name="01-cashUnits">
      <metrics statements="34" coveredstatements="34" conditionals="2" coveredconditionals="2" methods="12" coveredmethods="12"/>
      <file name="cashUnits.js" path="/Users/michalplocienniczak/work/devpath/javascript/01-cashUnits/cashUnits.js">
        <metrics statements="13" coveredstatements="13" conditionals="2" coveredconditionals="2" methods="2" coveredmethods="2"/>
        <line num="1" count="2" type="stmt"/>
        <line num="2" count="20" type="stmt"/>
        <line num="6" count="160" type="stmt"/>
        <line num="7" count="121" type="stmt"/>
        <line num="9" count="121" type="stmt"/>
        <line num="10" count="300" type="stmt"/>
        <line num="14" count="228" type="stmt"/>
        <line num="15" count="121" type="stmt"/>
        <line num="16" count="112" type="stmt"/>
        <line num="18" count="150" type="cond" truecount="2" falsecount="0"/>
        <line num="19" count="78" type="stmt"/>
        <line num="23" count="10" type="stmt"/>
        <line num="26" count="1" type="stmt"/>
      </file>
      <file name="cashUnits.spec.js" path="/Users/michalplocienniczak/work/devpath/javascript/01-cashUnits/cashUnits.spec.js">
        <metrics statements="21" coveredstatements="21" conditionals="0" coveredconditionals="0" methods="10" coveredmethods="10"/>
        <line num="1" count="1" type="stmt"/>
        <line num="3" count="1" type="stmt"/>
        <line num="4" count="1" type="stmt"/>
        <line num="14" count="1" type="stmt"/>
        <line num="15" count="1" type="stmt"/>
        <line num="29" count="1" type="stmt"/>
        <line num="30" count="1" type="stmt"/>
        <line num="40" count="1" type="stmt"/>
        <line num="41" count="1" type="stmt"/>
        <line num="55" count="1" type="stmt"/>
        <line num="56" count="1" type="stmt"/>
        <line num="65" count="1" type="stmt"/>
        <line num="66" count="1" type="stmt"/>
        <line num="80" count="1" type="stmt"/>
        <line num="81" count="1" type="stmt"/>
        <line num="90" count="1" type="stmt"/>
        <line num="91" count="1" type="stmt"/>
        <line num="110" count="1" type="stmt"/>
        <line num="111" count="1" type="stmt"/>
        <line num="120" count="1" type="stmt"/>
        <line num="121" count="1" type="stmt"/>
      </file>
    </package>
    <package name="02-crossBasePrime">
      <metrics statements="34" coveredstatements="34" conditionals="10" coveredconditionals="8" methods="12" coveredmethods="12"/>
      <file name="crossBasePrime.js" path="/Users/michalplocienniczak/work/devpath/javascript/02-crossBasePrime/crossBasePrime.js">
        <metrics statements="13" coveredstatements="13" conditionals="10" coveredconditionals="8" methods="2" coveredmethods="2"/>
        <line num="1" count="2" type="stmt"/>
        <line num="3" count="26" type="cond" truecount="1" falsecount="1"/>
        <line num="5" count="26" type="cond" truecount="1" falsecount="1"/>
        <line num="8" count="26" type="stmt"/>
        <line num="11" count="50" type="stmt"/>
        <line num="12" count="43" type="cond" truecount="2" falsecount="0"/>
        <line num="13" count="8" type="stmt"/>
        <line num="17" count="16" type="stmt"/>
        <line num="20" count="4" type="stmt"/>
        <line num="21" count="17" type="stmt"/>
        <line num="22" count="11" type="cond" truecount="4" falsecount="0"/>
        <line num="23" count="7" type="stmt"/>
        <line num="26" count="1" type="stmt"/>
      </file>
      <file name="crossBasePrime.spec.js" path="/Users/michalplocienniczak/work/devpath/javascript/02-crossBasePrime/crossBasePrime.spec.js">
        <metrics statements="21" coveredstatements="21" conditionals="0" coveredconditionals="0" methods="10" coveredmethods="10"/>
        <line num="1" count="1" type="stmt"/>
        <line num="3" count="1" type="stmt"/>
        <line num="4" count="1" type="stmt"/>
        <line num="7" count="1" type="stmt"/>
        <line num="8" count="1" type="stmt"/>
        <line num="11" count="1" type="stmt"/>
        <line num="12" count="1" type="stmt"/>
        <line num="15" count="1" type="stmt"/>
        <line num="16" count="1" type="stmt"/>
        <line num="19" count="1" type="stmt"/>
        <line num="20" count="1" type="stmt"/>
        <line num="23" count="1" type="stmt"/>
        <line num="24" count="1" type="stmt"/>
        <line num="27" count="1" type="stmt"/>
        <line num="28" count="1" type="stmt"/>
        <line num="31" count="1" type="stmt"/>
        <line num="32" count="1" type="stmt"/>
        <line num="35" count="1" type="stmt"/>
        <line num="36" count="1" type="stmt"/>
        <line num="39" count="1" type="stmt"/>
        <line num="40" count="1" type="stmt"/>
      </file>
    </package>
    <package name="03-csvParsing">
      <metrics statements="18" coveredstatements="18" conditionals="2" coveredconditionals="2" methods="7" coveredmethods="7"/>
      <file name="csvParsing.js" path="/Users/michalplocienniczak/work/devpath/javascript/03-csvParsing/csvParsing.js">
        <metrics statements="7" coveredstatements="7" conditionals="2" coveredconditionals="2" methods="2" coveredmethods="2"/>
        <line num="1" count="2" type="stmt"/>
        <line num="5" count="10" type="stmt"/>
        <line num="6" count="52" type="stmt"/>
        <line num="8" count="10" type="stmt"/>
        <line num="10" count="48" type="cond" truecount="2" falsecount="0"/>
        <line num="13" count="5" type="stmt"/>
        <line num="16" count="1" type="stmt"/>
      </file>
      <file name="csvParsing.spec.js" path="/Users/michalplocienniczak/work/devpath/javascript/03-csvParsing/csvParsing.spec.js">
        <metrics statements="11" coveredstatements="11" conditionals="0" coveredconditionals="0" methods="5" coveredmethods="5"/>
        <line num="1" count="1" type="stmt"/>
        <line num="3" count="1" type="stmt"/>
        <line num="4" count="1" type="stmt"/>
        <line num="9" count="1" type="stmt"/>
        <line num="10" count="1" type="stmt"/>
        <line num="24" count="1" type="stmt"/>
        <line num="25" count="1" type="stmt"/>
        <line num="36" count="1" type="stmt"/>
        <line num="37" count="1" type="stmt"/>
        <line num="42" count="1" type="stmt"/>
        <line num="43" count="1" type="stmt"/>
      </file>
    </package>
    <package name="04-flattenArray">
      <metrics statements="15" coveredstatements="15" conditionals="4" coveredconditionals="4" methods="6" coveredmethods="6"/>
      <file name="flattenArray.js" path="/Users/michalplocienniczak/work/devpath/javascript/04-flattenArray/flattenArray.js">
        <metrics statements="6" coveredstatements="6" conditionals="4" coveredconditionals="4" methods="2" coveredmethods="2"/>
        <line num="1" count="2" type="stmt"/>
        <line num="2" count="24" type="cond" truecount="2" falsecount="0"/>
        <line num="3" count="4" type="stmt"/>
        <line num="6" count="20" type="stmt"/>
        <line num="8" count="62" type="cond" truecount="2" falsecount="0"/>
        <line num="13" count="2" type="stmt"/>
      </file>
      <file name="flattenArray.spec.js" path="/Users/michalplocienniczak/work/devpath/javascript/04-flattenArray/flattenArray.spec.js">
        <metrics statements="9" coveredstatements="9" conditionals="0" coveredconditionals="0" methods="4" coveredmethods="4"/>
        <line num="1" count="1" type="stmt"/>
        <line num="3" count="1" type="stmt"/>
        <line num="4" count="1" type="stmt"/>
        <line num="9" count="1" type="stmt"/>
        <line num="10" count="1" type="stmt"/>
        <line num="15" count="1" type="stmt"/>
        <line num="16" count="1" type="stmt"/>
        <line num="19" count="1" type="stmt"/>
        <line num="20" count="1" type="stmt"/>
      </file>
    </package>
    <package name="05-largestPalindrome">
      <metrics statements="19" coveredstatements="19" conditionals="4" coveredconditionals="4" methods="5" coveredmethods="5"/>
      <file name="largestPalindrome.js" path="/Users/michalplocienniczak/work/devpath/javascript/05-largestPalindrome/largestPalindrome.js">
        <metrics statements="12" coveredstatements="12" conditionals="4" coveredconditionals="4" methods="2" coveredmethods="2"/>
        <line num="1" count="2" type="stmt"/>
        <line num="2" count="3644" type="stmt"/>
        <line num="3" count="1823" type="stmt"/>
        <line num="6" count="4" type="stmt"/>
        <line num="7" count="92" type="stmt"/>
        <line num="8" count="1825" type="stmt"/>
        <line num="9" count="92" type="stmt"/>
        <line num="10" count="1822" type="stmt"/>
        <line num="11" count="1822" type="cond" truecount="4" falsecount="0"/>
        <line num="12" count="9" type="stmt"/>
        <line num="16" count="3" type="stmt"/>
        <line num="19" count="1" type="stmt"/>
      </file>
      <file name="largestPalindrome.spec.js" path="/Users/michalplocienniczak/work/devpath/javascript/05-largestPalindrome/largestPalindrome.spec.js">
        <metrics statements="7" coveredstatements="7" conditionals="0" coveredconditionals="0" methods="3" coveredmethods="3"/>
        <line num="1" count="1" type="stmt"/>
        <line num="3" count="1" type="stmt"/>
        <line num="4" count="1" type="stmt"/>
        <line num="7" count="1" type="stmt"/>
        <line num="8" count="1" type="stmt"/>
        <line num="13" count="1" type="stmt"/>
        <line num="14" count="1" type="stmt"/>
      </file>
    </package>
    <package name="06-largestContinuousSum">
      <metrics statements="18" coveredstatements="18" conditionals="2" coveredconditionals="2" methods="5" coveredmethods="5"/>
      <file name="largestContinuousSum.js" path="/Users/michalplocienniczak/work/devpath/javascript/06-largestContinuousSum/largestContinuousSum.js">
        <metrics statements="9" coveredstatements="9" conditionals="2" coveredconditionals="2" methods="1" coveredmethods="1"/>
        <line num="1" count="2" type="stmt"/>
        <line num="2" count="8" type="cond" truecount="2" falsecount="0"/>
        <line num="4" count="6" type="stmt"/>
        <line num="5" count="17" type="stmt"/>
        <line num="7" count="17" type="stmt"/>
        <line num="8" count="17" type="stmt"/>
        <line num="9" count="15" type="stmt"/>
        <line num="12" count="3" type="stmt"/>
        <line num="15" count="1" type="stmt"/>
      </file>
      <file name="largestContinuousSum.spec.js" path="/Users/michalplocienniczak/work/devpath/javascript/06-largestContinuousSum/largestContinuousSum.spec.js">
        <metrics statements="9" coveredstatements="9" conditionals="0" coveredconditionals="0" methods="4" coveredmethods="4"/>
        <line num="1" count="1" type="stmt"/>
        <line num="3" count="1" type="stmt"/>
        <line num="4" count="1" type="stmt"/>
        <line num="7" count="1" type="stmt"/>
        <line num="8" count="1" type="stmt"/>
        <line num="11" count="1" type="stmt"/>
        <line num="12" count="1" type="stmt"/>
        <line num="15" count="1" type="stmt"/>
        <line num="16" count="1" type="stmt"/>
      </file>
    </package>
    <package name="07-longestWords">
      <metrics statements="21" coveredstatements="21" conditionals="6" coveredconditionals="6" methods="5" coveredmethods="5"/>
      <file name="longestWords.js" path="/Users/michalplocienniczak/work/devpath/javascript/07-longestWords/longestWords.js">
        <metrics statements="14" coveredstatements="14" conditionals="6" coveredconditionals="6" methods="2" coveredmethods="2"/>
        <line num="1" count="2" type="stmt"/>
        <line num="2" count="6" type="stmt"/>
        <line num="4" count="24" type="stmt"/>
        <line num="5" count="10" type="stmt"/>
        <line num="7" count="10" type="stmt"/>
        <line num="8" count="35" type="stmt"/>
        <line num="9" count="23" type="stmt"/>
        <line num="11" count="24" type="cond" truecount="2" falsecount="0"/>
        <line num="12" count="8" type="stmt"/>
        <line num="13" count="7" type="stmt"/>
        <line num="14" count="14" type="cond" truecount="2" falsecount="0"/>
        <line num="18" count="2" type="stmt"/>
        <line num="22" count="3" type="stmt"/>
        <line num="25" count="1" type="stmt"/>
      </file>
      <file name="longestWords.spec.js" path="/Users/michalplocienniczak/work/devpath/javascript/07-longestWords/longestWords.spec.js">
        <metrics statements="7" coveredstatements="7" conditionals="0" coveredconditionals="0" methods="3" coveredmethods="3"/>
        <line num="1" count="1" type="stmt"/>
        <line num="3" count="1" type="stmt"/>
        <line num="4" count="1" type="stmt"/>
        <line num="9" count="1" type="stmt"/>
        <line num="10" count="1" type="stmt"/>
        <line num="16" count="1" type="stmt"/>
        <line num="17" count="1" type="stmt"/>
      </file>
    </package>
    <package name="08-theRabbitQuestion">
      <metrics statements="23" coveredstatements="22" conditionals="2" coveredconditionals="1" methods="7" coveredmethods="7"/>
      <file name="theRabbitQuestion.js" path="/Users/michalplocienniczak/work/devpath/javascript/08-theRabbitQuestion/theRabbitQuestion.js">
        <metrics statements="10" coveredstatements="9" conditionals="2" coveredconditionals="1" methods="1" coveredmethods="1"/>
        <line num="1" count="2" type="stmt"/>
        <line num="2" count="12" type="cond" truecount="1" falsecount="1"/>
        <line num="3" count="0" type="stmt"/>
        <line num="7" count="12" type="stmt"/>
        <line num="10" count="12" type="stmt"/>
        <line num="11" count="12" type="stmt"/>
        <line num="14" count="21" type="stmt"/>
        <line num="15" count="16" type="stmt"/>
        <line num="18" count="6" type="stmt"/>
        <line num="21" count="1" type="stmt"/>
      </file>
      <file name="theRabbitQuestion.spec.js" path="/Users/michalplocienniczak/work/devpath/javascript/08-theRabbitQuestion/theRabbitQuestion.spec.js">
        <metrics statements="13" coveredstatements="13" conditionals="0" coveredconditionals="0" methods="6" coveredmethods="6"/>
        <line num="1" count="1" type="stmt"/>
        <line num="3" count="1" type="stmt"/>
        <line num="4" count="1" type="stmt"/>
        <line num="7" count="1" type="stmt"/>
        <line num="8" count="1" type="stmt"/>
        <line num="11" count="1" type="stmt"/>
        <line num="12" count="1" type="stmt"/>
        <line num="15" count="1" type="stmt"/>
        <line num="16" count="1" type="stmt"/>
        <line num="19" count="1" type="stmt"/>
        <line num="20" count="1" type="stmt"/>
        <line num="23" count="1" type="stmt"/>
        <line num="24" count="1" type="stmt"/>
      </file>
    </package>
    <package name="09-substrings">
      <metrics statements="17" coveredstatements="17" conditionals="2" coveredconditionals="2" methods="5" coveredmethods="5"/>
      <file name="substrings.js" path="/Users/michalplocienniczak/work/devpath/javascript/09-substrings/substrings.js">
        <metrics statements="8" coveredstatements="8" conditionals="2" coveredconditionals="2" methods="1" coveredmethods="1"/>
        <line num="1" count="2" type="stmt"/>
        <line num="2" count="8" type="stmt"/>
        <line num="4" count="68" type="stmt"/>
        <line num="5" count="19" type="stmt"/>
        <line num="6" count="64" type="stmt"/>
        <line num="7" count="64" type="cond" truecount="2" falsecount="0"/>
        <line num="11" count="4" type="stmt"/>
        <line num="14" count="1" type="stmt"/>
      </file>
      <file name="substrings.spec.js" path="/Users/michalplocienniczak/work/devpath/javascript/09-substrings/substrings.spec.js">
        <metrics statements="9" coveredstatements="9" conditionals="0" coveredconditionals="0" methods="4" coveredmethods="4"/>
        <line num="1" count="1" type="stmt"/>
        <line num="3" count="1" type="stmt"/>
        <line num="4" count="1" type="stmt"/>
        <line num="7" count="1" type="stmt"/>
        <line num="8" count="1" type="stmt"/>
        <line num="40" count="1" type="stmt"/>
        <line num="41" count="1" type="stmt"/>
        <line num="44" count="1" type="stmt"/>
        <line num="45" count="1" type="stmt"/>
      </file>
    </package>
    <package name="10-stringFormat">
      <metrics statements="20" coveredstatements="20" conditionals="2" coveredconditionals="2" methods="8" coveredmethods="8"/>
      <file name="stringFormat.js" path="/Users/michalplocienniczak/work/devpath/javascript/10-stringFormat/stringFormat.js">
        <metrics statements="11" coveredstatements="11" conditionals="2" coveredconditionals="2" methods="4" coveredmethods="4"/>
        <line num="1" count="2" type="stmt"/>
        <line num="2" count="8" type="stmt"/>
        <line num="3" count="15" type="stmt"/>
        <line num="5" count="15" type="stmt"/>
        <line num="8" count="8" type="stmt"/>
        <line num="9" count="21" type="stmt"/>
        <line num="10" count="15" type="cond" truecount="2" falsecount="0"/>
        <line num="12" count="5" type="stmt"/>
        <line num="13" count="10" type="stmt"/>
        <line num="16" count="4" type="stmt"/>
        <line num="19" count="1" type="stmt"/>
      </file>
      <file name="stringFormat.spec.js" path="/Users/michalplocienniczak/work/devpath/javascript/10-stringFormat/stringFormat.spec.js">
        <metrics statements="9" coveredstatements="9" conditionals="0" coveredconditionals="0" methods="4" coveredmethods="4"/>
        <line num="1" count="1" type="stmt"/>
        <line num="3" count="1" type="stmt"/>
        <line num="4" count="1" type="stmt"/>
        <line num="7" count="1" type="stmt"/>
        <line num="8" count="1" type="stmt"/>
        <line num="13" count="1" type="stmt"/>
        <line num="14" count="1" type="stmt"/>
        <line num="19" count="1" type="stmt"/>
        <line num="20" count="1" type="stmt"/>
      </file>
    </package>
  </project>
</coverage>
