TN:
SF:01-cashUnits/cashUnits.js
FN:1,(anonymous_0)
FN:9,(anonymous_1)
FNF:2
FNH:2
FNDA:20,(anonymous_0)
FNDA:300,(anonymous_1)
DA:1,2
DA:2,20
DA:6,160
DA:7,121
DA:9,121
DA:10,300
DA:14,228
DA:15,121
DA:16,112
DA:18,150
DA:19,78
DA:23,10
DA:26,1
LF:13
LH:13
BRDA:18,0,0,156
BRDA:18,0,1,144
BRF:2
BRH:2
end_of_record
TN:
SF:01-cashUnits/cashUnits.spec.js
FN:3,(anonymous_0)
FN:14,(anonymous_1)
FN:29,(anonymous_2)
FN:40,(anonymous_3)
FN:55,(anonymous_4)
FN:65,(anonymous_5)
FN:80,(anonymous_6)
FN:90,(anonymous_7)
FN:110,(anonymous_8)
FN:120,(anonymous_9)
FNF:10
FNH:10
FNDA:1,(anonymous_0)
FNDA:1,(anonymous_1)
FNDA:1,(anonymous_2)
FNDA:1,(anonymous_3)
FNDA:1,(anonymous_4)
FNDA:1,(anonymous_5)
FNDA:1,(anonymous_6)
FNDA:1,(anonymous_7)
FNDA:1,(anonymous_8)
FNDA:1,(anonymous_9)
DA:1,1
DA:3,1
DA:4,1
DA:14,1
DA:15,1
DA:29,1
DA:30,1
DA:40,1
DA:41,1
DA:55,1
DA:56,1
DA:65,1
DA:66,1
DA:80,1
DA:81,1
DA:90,1
DA:91,1
DA:110,1
DA:111,1
DA:120,1
DA:121,1
LF:21
LH:21
BRF:0
BRH:0
end_of_record
TN:
SF:02-crossBasePrime/crossBasePrime.js
FN:1,(anonymous_0)
FN:20,(anonymous_1)
FNF:2
FNH:2
FNDA:26,(anonymous_0)
FNDA:20,(anonymous_1)
DA:1,2
DA:3,26
DA:5,26
DA:8,26
DA:11,50
DA:12,43
DA:13,8
DA:17,16
DA:20,4
DA:21,17
DA:22,11
DA:23,7
DA:26,1
LF:13
LH:13
BRDA:3,0,0,0
BRDA:3,0,1,26
BRDA:5,1,0,0
BRDA:5,1,1,26
BRDA:12,2,0,14
BRDA:12,2,1,60
BRDA:22,3,0,6
BRDA:22,3,1,14
BRDA:22,4,0,20
BRDA:22,4,1,6
BRF:10
BRH:8
end_of_record
TN:
SF:02-crossBasePrime/crossBasePrime.spec.js
FN:3,(anonymous_0)
FN:7,(anonymous_1)
FN:11,(anonymous_2)
FN:15,(anonymous_3)
FN:19,(anonymous_4)
FN:23,(anonymous_5)
FN:27,(anonymous_6)
FN:31,(anonymous_7)
FN:35,(anonymous_8)
FN:39,(anonymous_9)
FNF:10
FNH:10
FNDA:1,(anonymous_0)
FNDA:1,(anonymous_1)
FNDA:1,(anonymous_2)
FNDA:1,(anonymous_3)
FNDA:1,(anonymous_4)
FNDA:1,(anonymous_5)
FNDA:1,(anonymous_6)
FNDA:1,(anonymous_7)
FNDA:1,(anonymous_8)
FNDA:1,(anonymous_9)
DA:1,1
DA:3,1
DA:4,1
DA:7,1
DA:8,1
DA:11,1
DA:12,1
DA:15,1
DA:16,1
DA:19,1
DA:20,1
DA:23,1
DA:24,1
DA:27,1
DA:28,1
DA:31,1
DA:32,1
DA:35,1
DA:36,1
DA:39,1
DA:40,1
LF:21
LH:21
BRF:0
BRH:0
end_of_record
TN:
SF:03-csvParsing/csvParsing.js
FN:1,(anonymous_0)
FN:8,(anonymous_1)
FNF:2
FNH:2
FNDA:10,(anonymous_0)
FNDA:94,(anonymous_1)
DA:1,2
DA:5,10
DA:6,52
DA:8,10
DA:10,48
DA:13,5
DA:16,1
LF:7
LH:7
BRDA:10,0,0,94
BRDA:10,0,1,46
BRF:2
BRH:2
end_of_record
TN:
SF:03-csvParsing/csvParsing.spec.js
FN:3,(anonymous_0)
FN:9,(anonymous_1)
FN:24,(anonymous_2)
FN:36,(anonymous_3)
FN:42,(anonymous_4)
FNF:5
FNH:5
FNDA:1,(anonymous_0)
FNDA:1,(anonymous_1)
FNDA:1,(anonymous_2)
FNDA:1,(anonymous_3)
FNDA:1,(anonymous_4)
DA:1,1
DA:3,1
DA:4,1
DA:9,1
DA:10,1
DA:24,1
DA:25,1
DA:36,1
DA:37,1
DA:42,1
DA:43,1
LF:11
LH:11
BRF:0
BRH:0
end_of_record
TN:
SF:04-flattenArray/flattenArray.js
FN:1,(anonymous_0)
FN:7,(anonymous_1)
FNF:2
FNH:2
FNDA:24,(anonymous_0)
FNDA:62,(anonymous_1)
DA:1,2
DA:2,24
DA:3,4
DA:6,20
DA:8,62
DA:13,2
LF:6
LH:6
BRDA:2,0,0,4
BRDA:2,0,1,20
BRDA:8,1,0,16
BRDA:8,1,1,46
BRF:4
BRH:4
end_of_record
TN:
SF:04-flattenArray/flattenArray.spec.js
FN:3,(anonymous_0)
FN:9,(anonymous_1)
FN:15,(anonymous_2)
FN:19,(anonymous_3)
FNF:4
FNH:4
FNDA:1,(anonymous_0)
FNDA:1,(anonymous_1)
FNDA:1,(anonymous_2)
FNDA:1,(anonymous_3)
DA:1,1
DA:3,1
DA:4,1
DA:9,1
DA:10,1
DA:15,1
DA:16,1
DA:19,1
DA:20,1
LF:9
LH:9
BRF:0
BRH:0
end_of_record
TN:
SF:05-largestPalindrome/largestPalindrome.js
FN:1,(anonymous_0)
FN:6,(anonymous_1)
FNF:2
FNH:2
FNDA:3644,(anonymous_0)
FNDA:6,(anonymous_1)
DA:1,2
DA:2,3644
DA:3,1823
DA:6,4
DA:7,92
DA:8,1825
DA:9,92
DA:10,1822
DA:11,1822
DA:12,9
DA:16,3
DA:19,1
LF:12
LH:12
BRDA:11,0,0,18
BRDA:11,0,1,3626
BRDA:11,1,0,3644
BRDA:11,1,1,220
BRF:4
BRH:4
end_of_record
TN:
SF:05-largestPalindrome/largestPalindrome.spec.js
FN:3,(anonymous_0)
FN:7,(anonymous_1)
FN:13,(anonymous_2)
FNF:3
FNH:3
FNDA:1,(anonymous_0)
FNDA:1,(anonymous_1)
FNDA:1,(anonymous_2)
DA:1,1
DA:3,1
DA:4,1
DA:7,1
DA:8,1
DA:13,1
DA:14,1
LF:7
LH:7
BRF:0
BRH:0
end_of_record
TN:
SF:06-largestContinuousSum/largestContinuousSum.js
FN:1,(anonymous_0)
FNF:1
FNH:1
FNDA:8,(anonymous_0)
DA:1,2
DA:2,8
DA:4,6
DA:5,17
DA:7,17
DA:8,17
DA:9,15
DA:12,3
DA:15,1
LF:9
LH:9
BRDA:2,0,0,2
BRDA:2,0,1,6
BRF:2
BRH:2
end_of_record
TN:
SF:06-largestContinuousSum/largestContinuousSum.spec.js
FN:3,(anonymous_0)
FN:7,(anonymous_1)
FN:11,(anonymous_2)
FN:15,(anonymous_3)
FNF:4
FNH:4
FNDA:1,(anonymous_0)
FNDA:1,(anonymous_1)
FNDA:1,(anonymous_2)
FNDA:1,(anonymous_3)
DA:1,1
DA:3,1
DA:4,1
DA:7,1
DA:8,1
DA:11,1
DA:12,1
DA:15,1
DA:16,1
LF:9
LH:9
BRF:0
BRH:0
end_of_record
TN:
SF:07-longestWords/longestWords.js
FN:1,(anonymous_0)
FN:7,(anonymous_1)
FNF:2
FNH:2
FNDA:6,(anonymous_0)
FNDA:42,(anonymous_1)
DA:1,2
DA:2,6
DA:4,24
DA:5,10
DA:7,10
DA:8,35
DA:9,23
DA:11,24
DA:12,8
DA:13,7
DA:14,14
DA:18,2
DA:22,3
DA:25,1
LF:14
LH:14
BRDA:11,0,0,14
BRDA:11,0,1,28
BRDA:14,1,0,4
BRDA:14,1,1,24
BRDA:15,2,0,28
BRDA:15,2,1,18
BRF:6
BRH:6
end_of_record
TN:
SF:07-longestWords/longestWords.spec.js
FN:3,(anonymous_0)
FN:9,(anonymous_1)
FN:16,(anonymous_2)
FNF:3
FNH:3
FNDA:1,(anonymous_0)
FNDA:1,(anonymous_1)
FNDA:1,(anonymous_2)
DA:1,1
DA:3,1
DA:4,1
DA:9,1
DA:10,1
DA:16,1
DA:17,1
LF:7
LH:7
BRF:0
BRH:0
end_of_record
TN:
SF:08-theRabbitQuestion/theRabbitQuestion.js
FN:1,(anonymous_0)
FNF:1
FNH:1
FNDA:12,(anonymous_0)
DA:1,2
DA:2,12
DA:3,0
DA:7,12
DA:10,12
DA:11,12
DA:14,21
DA:15,16
DA:18,6
DA:21,1
LF:10
LH:9
BRDA:2,0,0,0
BRDA:2,0,1,12
BRF:2
BRH:1
end_of_record
TN:
SF:08-theRabbitQuestion/theRabbitQuestion.spec.js
FN:3,(anonymous_0)
FN:7,(anonymous_1)
FN:11,(anonymous_2)
FN:15,(anonymous_3)
FN:19,(anonymous_4)
FN:23,(anonymous_5)
FNF:6
FNH:6
FNDA:1,(anonymous_0)
FNDA:1,(anonymous_1)
FNDA:1,(anonymous_2)
FNDA:1,(anonymous_3)
FNDA:1,(anonymous_4)
FNDA:1,(anonymous_5)
DA:1,1
DA:3,1
DA:4,1
DA:7,1
DA:8,1
DA:11,1
DA:12,1
DA:15,1
DA:16,1
DA:19,1
DA:20,1
DA:23,1
DA:24,1
LF:13
LH:13
BRF:0
BRH:0
end_of_record
TN:
SF:09-substrings/substrings.js
FN:1,(anonymous_0)
FNF:1
FNH:1
FNDA:8,(anonymous_0)
DA:1,2
DA:2,8
DA:4,68
DA:5,19
DA:6,64
DA:7,64
DA:11,4
DA:14,1
LF:8
LH:8
BRDA:7,0,0,128
BRDA:7,0,1,98
BRF:2
BRH:2
end_of_record
TN:
SF:09-substrings/substrings.spec.js
FN:3,(anonymous_0)
FN:7,(anonymous_1)
FN:40,(anonymous_2)
FN:44,(anonymous_3)
FNF:4
FNH:4
FNDA:1,(anonymous_0)
FNDA:1,(anonymous_1)
FNDA:1,(anonymous_2)
FNDA:1,(anonymous_3)
DA:1,1
DA:3,1
DA:4,1
DA:7,1
DA:8,1
DA:40,1
DA:41,1
DA:44,1
DA:45,1
LF:9
LH:9
BRF:0
BRH:0
end_of_record
TN:
SF:10-stringFormat/stringFormat.js
FN:1,(anonymous_0)
FN:9,(anonymous_1)
FN:10,(anonymous_2)
FN:12,(anonymous_3)
FNF:4
FNH:4
FNDA:8,(anonymous_0)
FNDA:22,(anonymous_1)
FNDA:22,(anonymous_2)
FNDA:20,(anonymous_3)
DA:1,2
DA:2,8
DA:3,15
DA:5,15
DA:8,8
DA:9,21
DA:10,15
DA:12,5
DA:13,10
DA:16,4
DA:19,1
LF:11
LH:11
BRDA:10,0,0,22
BRDA:10,0,1,22
BRF:2
BRH:2
end_of_record
TN:
SF:10-stringFormat/stringFormat.spec.js
FN:3,(anonymous_0)
FN:7,(anonymous_1)
FN:13,(anonymous_2)
FN:19,(anonymous_3)
FNF:4
FNH:4
FNDA:1,(anonymous_0)
FNDA:1,(anonymous_1)
FNDA:1,(anonymous_2)
FNDA:1,(anonymous_3)
DA:1,1
DA:3,1
DA:4,1
DA:7,1
DA:8,1
DA:13,1
DA:14,1
DA:19,1
DA:20,1
LF:9
LH:9
BRF:0
BRH:0
end_of_record
